2026-03-28 13:17:38,686 - ml.config.loader - INFO - Final merged config: {'cv': 2, 'seed': 42, 'verbose': 100, 'training': {'early_stopping_rounds': 100, 'model': {'learning_rate': 0.03, 'depth': 6, 'l2_leaf_reg': 3, 'random_strength': 1, 'border_count': 128}, 'ensemble': {'bagging_temperature': 1.0}, 'iterations': 10, 'hardware': {'task_type': 'cpu'}, 'snapshot_interval_seconds': 300}, 'search': {'hardware': {'task_type': 'gpu', 'devices': [0]}, 'random_state': 42, 'broad': {'iterations': 10, 'n_iter': 2, 'param_distributions': {'model': {'depth': [2, 4, 6], 'learning_rate': [0.005, 0.01, 0.03, 0.05, 0.1, 0.2, 0.3], 'l2_leaf_reg': [5.0, 7.0, 10.0, 15.0, 20.0, 30.0], 'random_strength': [1.0, 2.0, 5.0, 8.0, 10.0, 12.0], 'min_data_in_leaf': [5, 8, 10, 15, 20, 30, 40, 50], 'border_count': [32, 64, 128, 254]}, 'ensemble': {'colsample_bylevel': [1.0], 'bagging_temperature': [0.0, 0.25, 0.5, 0.75, 1.0, 2.0, 5.0]}}}, 'narrow': {'enabled': True, 'iterations': 10, 'n_iter': 2, 'param_configurations': {'model': {'depth': {'include': True, 'offsets': [1, 2], 'low': 2, 'high': 8}, 'learning_rate': {'include': True, 'factors': [0.7, 0.85, 1.0, 1.15, 1.3], 'low': 0.003, 'high': 0.5, 'decimals': 5}, 'l2_leaf_reg': {'include': True, 'factors': [0.7, 0.85, 1.0, 1.15, 1.3], 'low': 1.0, 'high': 55.0, 'decimals': 2}, 'random_strength': {'include': True, 'factors': [0.7, 0.85, 1.0, 1.15, 1.3], 'low': 0.0, 'high': 20.0, 'decimals': 2}, 'min_data_in_leaf': {'include': True, 'offsets': [2, 5, 10], 'low': 1, 'high': 75}, 'border_count': {'include': True}}, 'ensemble': {'bagging_temperature': {'include': True, 'factors': [0.6, 0.8, 1.0, 1.2, 1.5], 'low': 0.0, 'high': 5.0, 'decimals': 3}}}}, 'error_score': 'raise'}, 'problem': 'no_show', 'segment': {'name': 'city_hotel', 'description': 'All bookings for the City Hotel.'}, 'version': 'v1', 'task': {'type': 'classification', 'subtype': 'binary'}, 'target': {'name': 'no_show', 'allowed_dtypes': ['int64'], 'classes': {'count': 2, 'positive_class': 1, 'min_class_count': 100}, 'version': 'v1'}, 'segmentation': {'enabled': True, 'include_in_model': False, 'filters': [{'column': 'hotel', 'op': 'eq', 'value': 'City Hotel'}]}, 'split': {'strategy': 'random', 'stratify_by': 'no_show', 'test_size': 0.2, 'val_size': 0.12, 'random_state': 42}, 'algorithm': 'catboost', 'model_class': 'CatBoostClassifier', 'pipeline': {'version': 'v1', 'path': 'configs/pipelines/tabular/catboost/v1.yaml'}, 'feature_store': {'path': 'feature_store/', 'feature_sets': [{'name': 'booking_context_features', 'version': 'v7', 'data_format': 'parquet', 'file_name': 'features.parquet'}, {'name': 'customer_history_features', 'version': 'v4', 'data_format': 'parquet', 'file_name': 'features.parquet'}, {'name': 'pricing_party_features', 'version': 'v5', 'data_format': 'parquet', 'file_name': 'features.parquet'}, {'name': 'channel_and_agent_features', 'version': 'v3', 'data_format': 'parquet', 'file_name': 'features.parquet'}]}, 'scoring': {'policy': 'fixed', 'fixed_metric': 'average_precision'}, 'class_weighting': {'policy': 'always', 'strategy': 'balanced'}, 'explainability': {'enabled': True, 'top_k': 20, 'methods': {'feature_importances': {'enabled': True, 'type': 'PredictionValuesChange'}, 'shap': {'enabled': True, 'approximate': 'tree'}}}, 'data_type': 'tabular', 'model_specs_lineage': {'created_by': 'Sebastijan', 'created_at': '2026-02-28T15:05:49Z'}, 'search_lineage': {'created_by': 'Sebastijan', 'created_at': '2026-02-28T15:05:49Z'}, '_meta': {'sources': {'main': 'configs/search/no_show/city_hotel/v1.yaml', 'extends': ['../../../../configs/defaults/global.yaml', '../../../../configs/defaults/catboost.yaml', '../../../../configs/model_specs/no_show/city_hotel/v1.yaml']}, 'env': 'test', 'validation_status': 'missing'}}
2026-03-28 13:17:38,687 - __main__ - INFO - Starting hyperparameter search for experiment 2026-03-28T13-17-38_d12eab5e.
2026-03-28 13:17:38,687 - ml.search.searchers.catboost.pipeline.steps.preparation - INFO - Starting preparation step.
2026-03-28 13:17:38,990 - ml.features.loading.schemas - WARNING - Derived schema file not found at feature_store\customer_history_features\v4\derived_schema.csv. Proceeding with empty derived schema.
2026-03-28 13:17:39,109 - ml.features.loading.schemas - WARNING - Derived schema file not found at feature_store\channel_and_agent_features\v3\derived_schema.csv. Proceeding with empty derived schema.
2026-03-28 13:17:39,559 - ml.features.segmentation.segment - INFO - Applied the segmentation step. Resulting shape: (79326, 25)
2026-03-28 13:17:39,667 - ml.features.loading.features_and_target - INFO - Successfully loaded features and target. Final shapes - X: (79326, 24), y: (79326,)
2026-03-28 13:17:39,707 - ml.features.splitting.splitting - INFO - Data split into train/val/test. Splits info:
AllSplitsInfo(train=SplitInfo(n_rows=53941, class_distribution={0: 0.9884503438942548, 1: 0.011549656105745166}, positive_rate=0.011549656105745166), val=SplitInfo(n_rows=9519, class_distribution={0: 0.988444164302973, 1: 0.011555835697026999}, positive_rate=0.011555835697026999), test=SplitInfo(n_rows=15866, class_distribution={0: 0.9884659019286525, 1: 0.011534098071347535}, positive_rate=0.011534098071347535))
2026-03-28 13:17:39,710 - ml.features.loading.schemas - WARNING - Derived schema file not found at feature_store\customer_history_features\v4\derived_schema.csv. Proceeding with empty derived schema.
2026-03-28 13:17:39,712 - ml.features.loading.schemas - WARNING - Derived schema file not found at feature_store\channel_and_agent_features\v3\derived_schema.csv. Proceeding with empty derived schema.
2026-03-28 13:17:39,718 - ml.modeling.class_weighting.stats_resolver - INFO - Computed data stats: n_samples=53941 class_counts={0: 53318, 1: 623} minority_ratio=0.0115
2026-03-28 13:17:39,718 - ml.modeling.class_weighting.resolve_metric - INFO - Using fixed scoring metric: average_precision
2026-03-28 13:17:39,721 - root - INFO - Using balanced class weighting strategy. Computed class weights: {0: 0.5058423046625905, 1: 43.291332263242374}
2026-03-28 13:17:39,722 - ml.search.searchers.catboost.pipeline.steps.preparation - INFO - Completed preparation step.
2026-03-28 13:17:39,722 - ml.search.searchers.catboost.pipeline.steps.broad_search - INFO - Starting broad search step.
2026-03-28 13:17:39,722 - ml.search.searchers.catboost.model - INFO - Model set to use task_type: GPU, devices: [0]
2026-03-28 13:17:39,723 - ml.search.searchers.catboost.pipeline.steps.broad_search - INFO - Broad search param combinations: 169344
2026-03-28 13:17:39,723 - ml.search.utils.randomized_search - INFO - Randomized search using param_distributions: {'Model__depth': [2, 4, 6], 'Model__learning_rate': [0.005, 0.01, 0.03, 0.05, 0.1, 0.2, 0.3], 'Model__l2_leaf_reg': [5.0, 7.0, 10.0, 15.0, 20.0, 30.0], 'Model__random_strength': [1.0, 2.0, 5.0, 8.0, 10.0, 12.0], 'Model__min_data_in_leaf': [5, 8, 10, 15, 20, 30, 40, 50], 'Model__border_count': [32, 64, 128, 254], 'Model__bagging_temperature': [0.0, 0.25, 0.5, 0.75, 1.0, 2.0, 5.0]}, n_iter: 2, cv_type: StratifiedKFold, n_splits: 2, scoring: average_precision, verbose: 100, n_jobs: 1, random_state: 42, error_score: raise
2026-03-28 13:17:39,723 - ml.search.utils.randomized_search - INFO - Performing broad hyperparameter search...
2026-03-28 13:17:44,984 - ml.search.utils.failure_management.save_broad - INFO - Best params successfully saved to failure_management\2026-03-28T13-17-38_d12eab5e\broad_info.json.
2026-03-28 13:17:44,984 - ml.search.searchers.catboost.pipeline.steps.broad_search - INFO - Completed broad search step.
2026-03-28 13:17:44,984 - ml.search.searchers.catboost.pipeline.steps.narrow_search - INFO - Starting narrow search step.
2026-03-28 13:17:44,984 - ml.search.searchers.catboost.model - INFO - Model set to use task_type: GPU, devices: [0]
2026-03-28 13:17:44,985 - ml.search.searchers.catboost.pipeline.steps.narrow_search - INFO - Narrow search param combinations: 26250
2026-03-28 13:17:44,987 - ml.search.utils.randomized_search - INFO - Randomized search using param_distributions: {'Model__depth': [2, 3, 4], 'Model__learning_rate': [0.21, 0.255, 0.3, 0.345, 0.39], 'Model__l2_leaf_reg': [7.0, 8.5, 10.0, 11.5, 13.0], 'Model__bagging_temperature': [1.2, 1.6, 2.0, 2.4, 3.0], 'Model__min_data_in_leaf': [30, 35, 38, 40, 42, 45, 50], 'Model__random_strength': [3.5, 4.25, 5.0, 5.75, 6.5], 'Model__border_count': [32, 64]}, n_iter: 2, cv_type: StratifiedKFold, n_splits: 2, scoring: average_precision, verbose: 100, n_jobs: 1, random_state: 42, error_score: raise
2026-03-28 13:17:44,987 - ml.search.utils.randomized_search - INFO - Performing narrow hyperparameter search...
2026-03-28 13:17:49,851 - ml.search.utils.failure_management.save_narrow - INFO - Narrow search done marker written to failure_management\2026-03-28T13-17-38_d12eab5e\narrow_info.json.
2026-03-28 13:17:49,852 - ml.search.searchers.catboost.pipeline.steps.narrow_search - INFO - Completed narrow search step.
2026-03-28 13:17:49,854 - __main__ - INFO - Search completed. Persisting search run...
2026-03-28 13:17:49,949 - ml.io.persistence.save_metadata - INFO - Metadata successfully saved to experiments/no_show/city_hotel/v1/2026-03-28T13-17-38_d12eab5e/search/metadata.json.
2026-03-28 13:17:52,668 - ml.utils.runtime.save_runtime - INFO - Runtime snapshot successfully saved to experiments\no_show\city_hotel\v1\2026-03-28T13-17-38_d12eab5e\search\runtime.json
2026-03-28 13:17:52,668 - __main__ - INFO - Search run successfully persisted.
2026-03-28 13:17:52,669 - ml.search.utils.failure_management.delete_failure_management_folder - INFO - Successfully deleted failure management folder for experiment 2026-03-28T13-17-38_d12eab5e at failure_management\2026-03-28T13-17-38_d12eab5e.
2026-03-28 13:17:52,669 - ml.search.utils.failure_management.delete_failure_management_folder - INFO - Deleted the main failure management directory, as it is now empty: failure_management.
