2026-03-28 13:39:03,769 - __main__ - INFO - Script started at 2026-03-28T13-39-03 with run ID 2026-03-28T13-39-03_3b43938d, logging level INFO and owner Sebastijan
2026-03-28 13:39:03,807 - __main__ - INFO - Freezing feature set 'booking_context_features' version 'v1'...
2026-03-28 13:39:05,764 - __main__ - INFO - Feature set 'booking_context_features' succeeded.
2026-03-28 13:39:05,765 - __main__ - INFO - Freezing feature set 'booking_context_features' version 'v2'...
2026-03-28 13:39:07,824 - __main__ - INFO - Feature set 'booking_context_features' succeeded.
2026-03-28 13:39:07,825 - __main__ - INFO - Freezing feature set 'booking_context_features' version 'v3'...
2026-03-28 13:39:09,861 - __main__ - INFO - Feature set 'booking_context_features' succeeded.
2026-03-28 13:39:09,861 - __main__ - INFO - Freezing feature set 'booking_context_features' version 'v4'...
2026-03-28 13:39:11,940 - __main__ - INFO - Feature set 'booking_context_features' succeeded.
2026-03-28 13:39:11,940 - __main__ - INFO - Freezing feature set 'booking_context_features' version 'v5'...
2026-03-28 13:39:13,938 - __main__ - INFO - Feature set 'booking_context_features' succeeded.
2026-03-28 13:39:13,938 - __main__ - INFO - Freezing feature set 'booking_context_features' version 'v6'...
2026-03-28 13:39:15,902 - __main__ - INFO - Feature set 'booking_context_features' succeeded.
2026-03-28 13:39:15,902 - __main__ - INFO - Freezing feature set 'booking_context_features' version 'v7'...
2026-03-28 13:39:17,939 - __main__ - INFO - Feature set 'booking_context_features' succeeded.
2026-03-28 13:39:17,939 - __main__ - INFO - Freezing feature set 'customer_history_features' version 'v1'...
2026-03-28 13:39:19,941 - __main__ - INFO - Feature set 'customer_history_features' succeeded.
2026-03-28 13:39:19,942 - __main__ - INFO - Freezing feature set 'customer_history_features' version 'v2'...
2026-03-28 13:39:21,920 - __main__ - INFO - Feature set 'customer_history_features' succeeded.
2026-03-28 13:39:21,920 - __main__ - INFO - Freezing feature set 'customer_history_features' version 'v3'...
2026-03-28 13:39:23,930 - __main__ - INFO - Feature set 'customer_history_features' succeeded.
2026-03-28 13:39:23,931 - __main__ - INFO - Freezing feature set 'customer_history_features' version 'v4'...
2026-03-28 13:39:25,918 - __main__ - INFO - Feature set 'customer_history_features' succeeded.
2026-03-28 13:39:25,918 - __main__ - INFO - Freezing feature set 'pricing_party_features' version 'v1'...
2026-03-28 13:39:27,902 - __main__ - INFO - Feature set 'pricing_party_features' succeeded.
2026-03-28 13:39:27,902 - __main__ - INFO - Freezing feature set 'pricing_party_features' version 'v2'...
2026-03-28 13:39:29,843 - __main__ - INFO - Feature set 'pricing_party_features' succeeded.
2026-03-28 13:39:29,843 - __main__ - INFO - Freezing feature set 'pricing_party_features' version 'v3'...
2026-03-28 13:39:31,752 - __main__ - INFO - Feature set 'pricing_party_features' succeeded.
2026-03-28 13:39:31,753 - __main__ - INFO - Freezing feature set 'pricing_party_features' version 'v4'...
2026-03-28 13:39:33,751 - __main__ - INFO - Feature set 'pricing_party_features' succeeded.
2026-03-28 13:39:33,751 - __main__ - INFO - Freezing feature set 'pricing_party_features' version 'v5'...
2026-03-28 13:39:35,665 - __main__ - INFO - Feature set 'pricing_party_features' succeeded.
2026-03-28 13:39:35,666 - __main__ - INFO - Freezing feature set 'channel_and_agent_features' version 'v1'...
2026-03-28 13:39:37,612 - __main__ - INFO - Feature set 'channel_and_agent_features' succeeded.
2026-03-28 13:39:37,612 - __main__ - INFO - Freezing feature set 'channel_and_agent_features' version 'v2'...
2026-03-28 13:39:39,581 - __main__ - INFO - Feature set 'channel_and_agent_features' succeeded.
2026-03-28 13:39:39,581 - __main__ - INFO - Freezing feature set 'channel_and_agent_features' version 'v3'...
2026-03-28 13:39:41,477 - __main__ - INFO - Feature set 'channel_and_agent_features' succeeded.
2026-03-28 13:39:41,477 - __main__ - INFO - Freezing feature set 'room_allocation_features' version 'v1'...
2026-03-28 13:39:43,414 - __main__ - INFO - Feature set 'room_allocation_features' succeeded.
2026-03-28 13:39:43,414 - __main__ - INFO - Freezing feature set 'room_allocation_features' version 'v2'...
2026-03-28 13:39:45,355 - __main__ - INFO - Feature set 'room_allocation_features' succeeded.
2026-03-28 13:39:45,355 - __main__ - INFO - Script completed successfully after freezing 21 feature sets at 2026-03-28T13-39-45 after 41.59 seconds
