2026-03-28 13:12:33,880 - __main__ - INFO - Script started at 2026-03-28T13-12-33 with run ID 2026-03-28T13-12-33_fcf124f8, logging level INFO and owner Sebastijan
2026-03-28 13:12:33,918 - __main__ - INFO - Freezing feature set 'booking_context_features' version 'v1'...
2026-03-28 13:12:36,135 - __main__ - INFO - Feature set 'booking_context_features' succeeded.
2026-03-28 13:12:36,135 - __main__ - INFO - Freezing feature set 'booking_context_features' version 'v2'...
2026-03-28 13:12:38,235 - __main__ - INFO - Feature set 'booking_context_features' succeeded.
2026-03-28 13:12:38,235 - __main__ - INFO - Freezing feature set 'booking_context_features' version 'v3'...
2026-03-28 13:12:40,335 - __main__ - INFO - Feature set 'booking_context_features' succeeded.
2026-03-28 13:12:40,335 - __main__ - INFO - Freezing feature set 'booking_context_features' version 'v4'...
2026-03-28 13:12:42,416 - __main__ - INFO - Feature set 'booking_context_features' succeeded.
2026-03-28 13:12:42,416 - __main__ - INFO - Freezing feature set 'booking_context_features' version 'v5'...
2026-03-28 13:12:44,463 - __main__ - INFO - Feature set 'booking_context_features' succeeded.
2026-03-28 13:12:44,463 - __main__ - INFO - Freezing feature set 'booking_context_features' version 'v6'...
2026-03-28 13:12:46,516 - __main__ - INFO - Feature set 'booking_context_features' succeeded.
2026-03-28 13:12:46,516 - __main__ - INFO - Freezing feature set 'booking_context_features' version 'v7'...
2026-03-28 13:12:48,623 - __main__ - INFO - Feature set 'booking_context_features' succeeded.
2026-03-28 13:12:48,623 - __main__ - INFO - Freezing feature set 'customer_history_features' version 'v1'...
2026-03-28 13:12:50,674 - __main__ - INFO - Feature set 'customer_history_features' succeeded.
2026-03-28 13:12:50,674 - __main__ - INFO - Freezing feature set 'customer_history_features' version 'v2'...
2026-03-28 13:12:52,757 - __main__ - INFO - Feature set 'customer_history_features' succeeded.
2026-03-28 13:12:52,757 - __main__ - INFO - Freezing feature set 'customer_history_features' version 'v3'...
2026-03-28 13:12:54,815 - __main__ - INFO - Feature set 'customer_history_features' succeeded.
2026-03-28 13:12:54,815 - __main__ - INFO - Freezing feature set 'customer_history_features' version 'v4'...
2026-03-28 13:12:56,926 - __main__ - INFO - Feature set 'customer_history_features' succeeded.
2026-03-28 13:12:56,926 - __main__ - INFO - Freezing feature set 'pricing_party_features' version 'v1'...
2026-03-28 13:12:59,004 - __main__ - INFO - Feature set 'pricing_party_features' succeeded.
2026-03-28 13:12:59,004 - __main__ - INFO - Freezing feature set 'pricing_party_features' version 'v2'...
2026-03-28 13:13:01,111 - __main__ - INFO - Feature set 'pricing_party_features' succeeded.
2026-03-28 13:13:01,112 - __main__ - INFO - Freezing feature set 'pricing_party_features' version 'v3'...
2026-03-28 13:13:03,174 - __main__ - INFO - Feature set 'pricing_party_features' succeeded.
2026-03-28 13:13:03,174 - __main__ - INFO - Freezing feature set 'pricing_party_features' version 'v4'...
2026-03-28 13:13:05,251 - __main__ - INFO - Feature set 'pricing_party_features' succeeded.
2026-03-28 13:13:05,251 - __main__ - INFO - Freezing feature set 'pricing_party_features' version 'v5'...
2026-03-28 13:13:07,330 - __main__ - INFO - Feature set 'pricing_party_features' succeeded.
2026-03-28 13:13:07,330 - __main__ - INFO - Freezing feature set 'channel_and_agent_features' version 'v1'...
2026-03-28 13:13:09,425 - __main__ - INFO - Feature set 'channel_and_agent_features' succeeded.
2026-03-28 13:13:09,425 - __main__ - INFO - Freezing feature set 'channel_and_agent_features' version 'v2'...
2026-03-28 13:13:11,540 - __main__ - INFO - Feature set 'channel_and_agent_features' succeeded.
2026-03-28 13:13:11,540 - __main__ - INFO - Freezing feature set 'channel_and_agent_features' version 'v3'...
2026-03-28 13:13:13,633 - __main__ - INFO - Feature set 'channel_and_agent_features' succeeded.
2026-03-28 13:13:13,633 - __main__ - INFO - Freezing feature set 'room_allocation_features' version 'v1'...
2026-03-28 13:13:15,731 - __main__ - INFO - Feature set 'room_allocation_features' succeeded.
2026-03-28 13:13:15,731 - __main__ - INFO - Freezing feature set 'room_allocation_features' version 'v2'...
2026-03-28 13:13:17,776 - __main__ - INFO - Feature set 'room_allocation_features' succeeded.
2026-03-28 13:13:17,777 - __main__ - INFO - Script completed successfully after freezing 21 feature sets at 2026-03-28T13-13-17 after 43.90 seconds
