2026-03-28 13:26:33,975 - ml.config.loader - INFO - Final merged config: {'cv': 2, 'seed': 42, 'verbose': 100, 'training': {'early_stopping_rounds': 100, 'model': {'learning_rate': 0.03, 'depth': 6, 'l2_leaf_reg': 3, 'random_strength': 1, 'border_count': 128}, 'ensemble': {'bagging_temperature': 1.0}, 'iterations': 10, 'hardware': {'task_type': 'cpu'}, 'snapshot_interval_seconds': 300}, 'search': {'hardware': {'task_type': 'gpu', 'devices': [0]}, 'random_state': 42, 'broad': {'iterations': 10, 'n_iter': 2, 'param_distributions': {'model': {'depth': [4, 6, 8, 10], 'learning_rate': [0.005, 0.01, 0.03, 0.05, 0.1, 0.2, 0.3], 'l2_leaf_reg': [1.0, 3.0, 5.0, 7.0, 10.0, 15.0], 'random_strength': [1.0, 2.0, 5.0, 8.0, 10.0, 12.0], 'min_data_in_leaf': [1, 3, 5, 8, 10, 15, 20], 'border_count': [32, 64, 128, 254]}, 'ensemble': {'colsample_bylevel': [1.0], 'bagging_temperature': [0.0, 0.25, 0.5, 0.75, 1.0, 2.0, 5.0]}}}, 'narrow': {'enabled': True, 'iterations': 10, 'n_iter': 2, 'param_configurations': {'model': {'depth': {'include': True, 'offsets': [1, 2], 'low': 2, 'high': 12}, 'learning_rate': {'include': True, 'factors': [0.7, 0.85, 1.0, 1.15, 1.3], 'low': 0.003, 'high': 0.5, 'decimals': 5}, 'l2_leaf_reg': {'include': True, 'factors': [0.7, 0.85, 1.0, 1.15, 1.3], 'low': 1.0, 'high': 30.0, 'decimals': 2}, 'random_strength': {'include': True, 'factors': [0.7, 0.85, 1.0, 1.15, 1.3], 'low': 0.0, 'high': 20.0, 'decimals': 2}, 'min_data_in_leaf': {'include': True, 'offsets': [2, 5, 10], 'low': 1, 'high': 50}, 'border_count': {'include': True}}, 'ensemble': {'bagging_temperature': {'include': True, 'factors': [0.6, 0.8, 1.0, 1.2, 1.5], 'low': 0.0, 'high': 5.0, 'decimals': 3}}}}, 'error_score': 'raise'}, 'problem': 'cancellation', 'segment': {'name': 'global', 'description': 'All bookings'}, 'version': 'v1', 'task': {'type': 'classification', 'subtype': 'binary'}, 'target': {'name': 'is_canceled', 'allowed_dtypes': ['int64'], 'classes': {'count': 2, 'positive_class': 1, 'min_class_count': 200}, 'version': 'v1'}, 'segmentation': {'enabled': False}, 'split': {'strategy': 'random', 'stratify_by': 'is_canceled', 'test_size': 0.2, 'val_size': 0.12, 'random_state': 42}, 'algorithm': 'catboost', 'model_class': 'CatBoostClassifier', 'pipeline': {'version': 'v1', 'path': 'configs/pipelines/tabular/catboost/v1.yaml'}, 'feature_store': {'path': 'feature_store/', 'feature_sets': [{'name': 'booking_context_features', 'version': 'v1', 'data_format': 'parquet', 'file_name': 'features.parquet'}, {'name': 'customer_history_features', 'version': 'v1', 'data_format': 'parquet', 'file_name': 'features.parquet'}, {'name': 'pricing_party_features', 'version': 'v1', 'data_format': 'parquet', 'file_name': 'features.parquet'}, {'name': 'channel_and_agent_features', 'version': 'v1', 'data_format': 'parquet', 'file_name': 'features.parquet'}]}, 'scoring': {'policy': 'adaptive_binary', 'pr_auc_threshold': 0.1}, 'class_weighting': {'policy': 'if_imbalanced', 'imbalance_threshold': 0.1, 'strategy': 'balanced'}, 'explainability': {'enabled': True, 'top_k': 20, 'methods': {'feature_importances': {'enabled': True, 'type': 'PredictionValuesChange'}, 'shap': {'enabled': True, 'approximate': 'tree'}}}, 'data_type': 'tabular', 'model_specs_lineage': {'created_by': 'Sebastijan', 'created_at': '2026-02-27T23:53:30Z'}, 'search_lineage': {'created_by': 'Sebastijan', 'created_at': '2026-02-27T23:53:30Z'}, '_meta': {'sources': {'main': 'configs/search/cancellation/global/v1.yaml', 'extends': ['../../../../configs/defaults/global.yaml', '../../../../configs/defaults/catboost.yaml', '../../../../configs/model_specs/cancellation/global/v1.yaml']}, 'env': 'test', 'validation_status': 'missing'}}
2026-03-28 13:26:33,976 - __main__ - INFO - Starting hyperparameter search for experiment 2026-03-28T13-26-33_75d58d1b.
2026-03-28 13:26:33,976 - ml.search.searchers.catboost.pipeline.steps.preparation - INFO - Starting preparation step.
2026-03-28 13:26:34,197 - ml.features.loading.schemas - WARNING - Derived schema file not found at feature_store\customer_history_features\v1\derived_schema.csv. Proceeding with empty derived schema.
2026-03-28 13:26:34,212 - ml.features.loading.schemas - WARNING - Derived schema file not found at feature_store\channel_and_agent_features\v1\derived_schema.csv. Proceeding with empty derived schema.
2026-03-28 13:26:34,258 - ml.features.loading.features_and_target - INFO - Successfully loaded features and target. Final shapes - X: (10000, 25), y: (10000,)
2026-03-28 13:26:34,264 - ml.features.splitting.splitting - INFO - Data split into train/val/test. Splits info:
AllSplitsInfo(train=SplitInfo(n_rows=6800, class_distribution={0: 0.6544117647058824, 1: 0.34558823529411764}, positive_rate=0.34558823529411764), val=SplitInfo(n_rows=1200, class_distribution={0: 0.6541666666666667, 1: 0.3458333333333333}, positive_rate=0.3458333333333333), test=SplitInfo(n_rows=2000, class_distribution={0: 0.6545, 1: 0.3455}, positive_rate=0.3455))
2026-03-28 13:26:34,266 - ml.features.loading.schemas - WARNING - Derived schema file not found at feature_store\customer_history_features\v1\derived_schema.csv. Proceeding with empty derived schema.
2026-03-28 13:26:34,268 - ml.features.loading.schemas - WARNING - Derived schema file not found at feature_store\channel_and_agent_features\v1\derived_schema.csv. Proceeding with empty derived schema.
2026-03-28 13:26:34,272 - ml.modeling.class_weighting.stats_resolver - INFO - Computed data stats: n_samples=6800 class_counts={0: 4450, 1: 2350} minority_ratio=0.3456
2026-03-28 13:26:34,272 - ml.modeling.class_weighting.resolve_metric - INFO - Minority ratio 0.3456 is above threshold 0.1000, using ROC-AUC.
2026-03-28 13:26:34,272 - root - INFO - Minority ratio 0.3456 is above imbalance threshold 0.1000. Class weighting will not be applied.
2026-03-28 13:26:34,272 - ml.search.searchers.catboost.pipeline.steps.preparation - INFO - Completed preparation step.
2026-03-28 13:26:34,272 - ml.search.searchers.catboost.pipeline.steps.broad_search - INFO - Starting broad search step.
2026-03-28 13:26:34,272 - ml.search.searchers.catboost.model - INFO - Model set to use task_type: GPU, devices: [0]
2026-03-28 13:26:34,272 - ml.search.searchers.catboost.pipeline.steps.broad_search - INFO - Broad search param combinations: 197568
2026-03-28 13:26:34,273 - ml.search.utils.randomized_search - INFO - Randomized search using param_distributions: {'Model__depth': [4, 6, 8, 10], 'Model__learning_rate': [0.005, 0.01, 0.03, 0.05, 0.1, 0.2, 0.3], 'Model__l2_leaf_reg': [1.0, 3.0, 5.0, 7.0, 10.0, 15.0], 'Model__random_strength': [1.0, 2.0, 5.0, 8.0, 10.0, 12.0], 'Model__min_data_in_leaf': [1, 3, 5, 8, 10, 15, 20], 'Model__border_count': [32, 64, 128, 254], 'Model__bagging_temperature': [0.0, 0.25, 0.5, 0.75, 1.0, 2.0, 5.0]}, n_iter: 2, cv_type: StratifiedKFold, n_splits: 2, scoring: roc_auc, verbose: 100, n_jobs: 1, random_state: 42, error_score: raise
2026-03-28 13:26:34,273 - ml.search.utils.randomized_search - INFO - Performing broad hyperparameter search...
2026-03-28 13:26:37,191 - ml.search.utils.failure_management.save_broad - INFO - Best params successfully saved to failure_management\2026-03-28T13-26-33_75d58d1b\broad_info.json.
2026-03-28 13:26:37,191 - ml.search.searchers.catboost.pipeline.steps.broad_search - INFO - Completed broad search step.
2026-03-28 13:26:37,191 - ml.search.searchers.catboost.pipeline.steps.narrow_search - INFO - Starting narrow search step.
2026-03-28 13:26:37,191 - ml.search.searchers.catboost.model - INFO - Model set to use task_type: GPU, devices: [0]
2026-03-28 13:26:37,192 - ml.search.searchers.catboost.pipeline.steps.narrow_search - INFO - Narrow search param combinations: 39375
2026-03-28 13:26:37,192 - ml.search.utils.randomized_search - INFO - Randomized search using param_distributions: {'Model__depth': [4, 5, 6, 7, 8], 'Model__learning_rate': [0.14, 0.17, 0.2, 0.23, 0.26], 'Model__l2_leaf_reg': [1.0, 1.15, 1.3], 'Model__bagging_temperature': [0.6, 0.8, 1.0, 1.2, 1.5], 'Model__min_data_in_leaf': [5, 10, 13, 15, 17, 20, 25], 'Model__random_strength': [3.5, 4.25, 5.0, 5.75, 6.5], 'Model__border_count': [32, 64, 128]}, n_iter: 2, cv_type: StratifiedKFold, n_splits: 2, scoring: roc_auc, verbose: 100, n_jobs: 1, random_state: 42, error_score: raise
2026-03-28 13:26:37,192 - ml.search.utils.randomized_search - INFO - Performing narrow hyperparameter search...
2026-03-28 13:26:39,076 - ml.search.utils.failure_management.save_narrow - INFO - Narrow search done marker written to failure_management\2026-03-28T13-26-33_75d58d1b\narrow_info.json.
2026-03-28 13:26:39,076 - ml.search.searchers.catboost.pipeline.steps.narrow_search - INFO - Completed narrow search step.
2026-03-28 13:26:39,076 - __main__ - INFO - Search completed. Persisting search run...
2026-03-28 13:26:39,154 - ml.io.persistence.save_metadata - INFO - Metadata successfully saved to experiments/cancellation/global/v1/2026-03-28T13-26-33_75d58d1b/search/metadata.json.
2026-03-28 13:26:41,876 - ml.utils.runtime.save_runtime - INFO - Runtime snapshot successfully saved to experiments\cancellation\global\v1\2026-03-28T13-26-33_75d58d1b\search\runtime.json
2026-03-28 13:26:41,877 - __main__ - INFO - Search run successfully persisted.
2026-03-28 13:26:41,877 - ml.search.utils.failure_management.delete_failure_management_folder - INFO - Successfully deleted failure management folder for experiment 2026-03-28T13-26-33_75d58d1b at failure_management\2026-03-28T13-26-33_75d58d1b.
2026-03-28 13:26:41,877 - ml.search.utils.failure_management.delete_failure_management_folder - INFO - Deleted the main failure management directory, as it is now empty: failure_management.
