2026-03-28 13:17:54,316 - ml.config.loader - INFO - Final merged config: {'cv': 2, 'seed': 42, 'verbose': 100, 'training': {'early_stopping_rounds': 100, 'model': {'learning_rate': 0.255, 'depth': 2, 'l2_leaf_reg': 7.0, 'random_strength': 3.5, 'border_count': 32, 'min_data_in_leaf': 38}, 'ensemble': {'bagging_temperature': 2.4}, 'iterations': 10, 'hardware': {'task_type': 'cpu'}, 'snapshot_interval_seconds': 300}, 'search': {'hardware': {'task_type': 'gpu', 'devices': [0]}, 'broad': {'iterations': 10, 'n_iter': 2}, 'narrow': {'iterations': 10, 'n_iter': 2}, 'error_score': 'raise'}, 'problem': 'no_show', 'segment': {'name': 'city_hotel', 'description': 'All bookings for the City Hotel.'}, 'version': 'v1', 'task': {'type': 'classification', 'subtype': 'binary'}, 'target': {'name': 'no_show', 'allowed_dtypes': ['int64'], 'classes': {'count': 2, 'positive_class': 1, 'min_class_count': 100}, 'version': 'v1'}, 'segmentation': {'enabled': True, 'include_in_model': False, 'filters': [{'column': 'hotel', 'op': 'eq', 'value': 'City Hotel'}]}, 'split': {'strategy': 'random', 'stratify_by': 'no_show', 'test_size': 0.2, 'val_size': 0.12, 'random_state': 42}, 'algorithm': 'catboost', 'model_class': 'CatBoostClassifier', 'pipeline': {'version': 'v1', 'path': 'configs/pipelines/tabular/catboost/v1.yaml'}, 'feature_store': {'path': 'feature_store/', 'feature_sets': [{'name': 'booking_context_features', 'version': 'v7', 'data_format': 'parquet', 'file_name': 'features.parquet'}, {'name': 'customer_history_features', 'version': 'v4', 'data_format': 'parquet', 'file_name': 'features.parquet'}, {'name': 'pricing_party_features', 'version': 'v5', 'data_format': 'parquet', 'file_name': 'features.parquet'}, {'name': 'channel_and_agent_features', 'version': 'v3', 'data_format': 'parquet', 'file_name': 'features.parquet'}]}, 'scoring': {'policy': 'fixed', 'fixed_metric': 'average_precision'}, 'class_weighting': {'policy': 'always', 'strategy': 'balanced'}, 'explainability': {'enabled': True, 'top_k': 20, 'methods': {'feature_importances': {'enabled': True, 'type': 'PredictionValuesChange'}, 'shap': {'enabled': True, 'approximate': 'tree'}}}, 'data_type': 'tabular', 'model_specs_lineage': {'created_by': 'Sebastijan', 'created_at': '2026-02-28T15:05:49Z'}, 'training_lineage': {'created_by': 'Sebastijan', 'created_at': '2026-02-28T15:05:49Z'}, '_meta': {'sources': {'main': 'configs/train/no_show/city_hotel/v1.yaml', 'extends': ['../../../../configs/defaults/global.yaml', '../../../../configs/defaults/catboost.yaml', '../../../../configs/model_specs/no_show/city_hotel/v1.yaml']}, 'env': 'test', 'best_params_path': 'experiments\\no_show\\city_hotel\\v1\\2026-03-28T13-17-38_d12eab5e\\search\\metadata.json', 'validation_status': 'missing'}}
2026-03-28 13:17:57,016 - __main__ - INFO - Starting training using experiment_id = 2026-03-28T13-17-38_d12eab5e.
2026-03-28 13:17:57,306 - ml.features.loading.schemas - WARNING - Derived schema file not found at feature_store\customer_history_features\v4\derived_schema.csv. Proceeding with empty derived schema.
2026-03-28 13:17:57,468 - ml.features.loading.schemas - WARNING - Derived schema file not found at feature_store\channel_and_agent_features\v3\derived_schema.csv. Proceeding with empty derived schema.
2026-03-28 13:17:58,212 - ml.features.segmentation.segment - INFO - Applied the segmentation step. Resulting shape: (79326, 25)
2026-03-28 13:17:58,414 - ml.features.loading.features_and_target - INFO - Successfully loaded features and target. Final shapes - X: (79326, 24), y: (79326,)
2026-03-28 13:17:58,484 - ml.features.splitting.splitting - INFO - Data split into train/val/test. Splits info:
AllSplitsInfo(train=SplitInfo(n_rows=53941, class_distribution={0: 0.9884503438942548, 1: 0.011549656105745166}, positive_rate=0.011549656105745166), val=SplitInfo(n_rows=9519, class_distribution={0: 0.988444164302973, 1: 0.011555835697026999}, positive_rate=0.011555835697026999), test=SplitInfo(n_rows=15866, class_distribution={0: 0.9884659019286525, 1: 0.011534098071347535}, positive_rate=0.011534098071347535))
2026-03-28 13:17:58,489 - ml.features.loading.schemas - WARNING - Derived schema file not found at feature_store\customer_history_features\v4\derived_schema.csv. Proceeding with empty derived schema.
2026-03-28 13:17:58,493 - ml.features.loading.schemas - WARNING - Derived schema file not found at feature_store\channel_and_agent_features\v3\derived_schema.csv. Proceeding with empty derived schema.
2026-03-28 13:17:58,504 - ml.modeling.class_weighting.stats_resolver - INFO - Computed data stats: n_samples=53941 class_counts={0: 53318, 1: 623} minority_ratio=0.0115
2026-03-28 13:17:58,509 - root - INFO - Using balanced class weighting strategy. Computed class weights: {0: 0.5058423046625905, 1: 43.291332263242374}
2026-03-28 13:17:58,509 - ml.runners.training.utils.model_specific.catboost - INFO - Model set to use task_type: CPU, devices: N/A
2026-03-28 13:17:58,706 - ml.runners.training.trainers.catboost.train_catboost_model - INFO - Training the model...
2026-03-28 13:17:59,480 - ml.runners.training.trainers.catboost.train_catboost_model - INFO - Model trained successfully.
2026-03-28 13:18:00,345 - __main__ - INFO - Training completed. Persisting training run...
2026-03-28 13:18:00,360 - ml.runners.training.persistence.artifacts.save_model - INFO - Model successfully saved to experiments\no_show\city_hotel\v1\2026-03-28T13-17-38_d12eab5e\training\2026-03-28T13-17-54_34e203fa\model.joblib.
2026-03-28 13:18:00,383 - ml.runners.training.persistence.artifacts.save_pipeline - INFO - Pipeline successfully saved to experiments\no_show\city_hotel\v1\2026-03-28T13-17-38_d12eab5e\training\2026-03-28T13-17-54_34e203fa\pipeline.joblib.
2026-03-28 13:18:00,394 - ml.io.persistence.save_metadata - INFO - Metadata successfully saved to experiments/no_show/city_hotel/v1/2026-03-28T13-17-38_d12eab5e/training/2026-03-28T13-17-54_34e203fa/metadata.json.
2026-03-28 13:18:00,396 - ml.runners.shared.persistence.save_metrics - INFO - Metrics successfully saved to experiments\no_show\city_hotel\v1\2026-03-28T13-17-38_d12eab5e\training\2026-03-28T13-17-54_34e203fa\metrics.json.
2026-03-28 13:18:03,149 - ml.utils.runtime.save_runtime - INFO - Runtime snapshot successfully saved to experiments\no_show\city_hotel\v1\2026-03-28T13-17-38_d12eab5e\training\2026-03-28T13-17-54_34e203fa\runtime.json
2026-03-28 13:18:03,149 - __main__ - INFO - Training run successfully persisted.
2026-03-28 13:18:03,149 - ml.search.utils.failure_management.delete_failure_management_folder - WARNING - Failure management folder failure_management\2026-03-28T13-17-38_d12eab5e\training\2026-03-28T13-17-54_34e203fa contains subdirectories marked ok to delete (['learn', 'test', 'tmp']). These will be deleted along with their contents.
2026-03-28 13:18:03,150 - ml.search.utils.failure_management.delete_failure_management_folder - INFO - Successfully deleted failure management folder for training 2026-03-28T13-17-54_34e203fa at failure_management\2026-03-28T13-17-38_d12eab5e\training\2026-03-28T13-17-54_34e203fa.
2026-03-28 13:18:03,151 - ml.search.utils.failure_management.delete_failure_management_folder - INFO - Deleted the training failure management directory, as it is now empty: training.
2026-03-28 13:18:03,151 - ml.search.utils.failure_management.delete_failure_management_folder - INFO - Deleted the experiment failure management directory, as it is now empty: 2026-03-28T13-17-38_d12eab5e.
2026-03-28 13:18:03,151 - ml.search.utils.failure_management.delete_failure_management_folder - INFO - Deleted the main failure management directory, as it is now empty: failure_management.
