2026-03-28 13:16:32,923 - ml.config.loader - INFO - Final merged config: {'cv': 2, 'seed': 42, 'verbose': 100, 'training': {'early_stopping_rounds': 100, 'model': {'learning_rate': 0.03, 'depth': 6, 'l2_leaf_reg': 3, 'random_strength': 1, 'border_count': 128}, 'ensemble': {'bagging_temperature': 1.0}, 'iterations': 10, 'hardware': {'task_type': 'cpu'}, 'snapshot_interval_seconds': 300}, 'search': {'hardware': {'task_type': 'gpu', 'devices': [0]}, 'random_state': 42, 'broad': {'iterations': 10, 'n_iter': 2, 'param_distributions': {'model': {'depth': [2, 4, 6, 8], 'learning_rate': [0.005, 0.01, 0.03, 0.05, 0.1, 0.2, 0.3], 'l2_leaf_reg': [1.0, 3.0, 5.0, 7.0, 10.0, 15.0], 'random_strength': [1.0, 2.0, 5.0, 8.0, 10.0, 12.0], 'min_data_in_leaf': [3, 5, 8, 10, 15, 20, 30], 'border_count': [32, 64, 128, 254]}, 'ensemble': {'colsample_bylevel': [1.0], 'bagging_temperature': [0.0, 0.25, 0.5, 0.75, 1.0, 2.0, 5.0]}}}, 'narrow': {'enabled': True, 'iterations': 10, 'n_iter': 2, 'param_configurations': {'model': {'depth': {'include': True, 'offsets': [1, 2], 'low': 2, 'high': 12}, 'learning_rate': {'include': True, 'factors': [0.7, 0.85, 1.0, 1.15, 1.3], 'low': 0.003, 'high': 0.5, 'decimals': 5}, 'l2_leaf_reg': {'include': True, 'factors': [0.7, 0.85, 1.0, 1.15, 1.3], 'low': 1.0, 'high': 40.0, 'decimals': 2}, 'random_strength': {'include': True, 'factors': [0.7, 0.85, 1.0, 1.15, 1.3], 'low': 0.0, 'high': 20.0, 'decimals': 2}, 'min_data_in_leaf': {'include': True, 'offsets': [2, 5, 10], 'low': 1, 'high': 60}, 'border_count': {'include': True}}, 'ensemble': {'bagging_temperature': {'include': True, 'factors': [0.6, 0.8, 1.0, 1.2, 1.5], 'low': 0.0, 'high': 5.0, 'decimals': 3}}}}, 'error_score': 'raise'}, 'problem': 'adr', 'segment': {'name': 'city_hotel_online_ta', 'description': 'All bookings for City Hotel with market segment Online TA.'}, 'version': 'v1', 'task': {'type': 'regression', 'subtype': 'single_target'}, 'target': {'name': 'adr', 'allowed_dtypes': ['float64'], 'version': 'v1', 'constraints': {'min_value': 0.0}, 'transform': {'enabled': True, 'type': 'log1p'}}, 'segmentation': {'enabled': True, 'include_in_model': False, 'filters': [{'column': 'hotel', 'op': 'eq', 'value': 'City Hotel'}, {'column': 'market_segment', 'op': 'eq', 'value': 'Online TA'}]}, 'split': {'strategy': 'random', 'test_size': 0.2, 'val_size': 0.12, 'random_state': 42}, 'algorithm': 'catboost', 'model_class': 'CatBoostRegressor', 'pipeline': {'version': 'v1', 'path': 'configs/pipelines/tabular/catboost/v1.yaml'}, 'feature_store': {'path': 'feature_store/', 'feature_sets': [{'name': 'booking_context_features', 'version': 'v2', 'data_format': 'parquet', 'file_name': 'features.parquet'}, {'name': 'customer_history_features', 'version': 'v2', 'data_format': 'parquet', 'file_name': 'features.parquet'}, {'name': 'pricing_party_features', 'version': 'v3', 'data_format': 'parquet', 'file_name': 'features.parquet'}, {'name': 'channel_and_agent_features', 'version': 'v1', 'data_format': 'parquet', 'file_name': 'features.parquet'}, {'name': 'room_allocation_features', 'version': 'v2', 'data_format': 'parquet', 'file_name': 'features.parquet'}]}, 'scoring': {'policy': 'regression_default'}, 'class_weighting': {'policy': 'off'}, 'explainability': {'enabled': True, 'top_k': 20, 'methods': {'feature_importances': {'enabled': True, 'type': 'PredictionValuesChange'}, 'shap': {'enabled': True, 'approximate': 'tree'}}}, 'data_type': 'tabular', 'model_specs_lineage': {'created_by': 'Sebastijan', 'created_at': '2026-02-28T14:52:10Z'}, 'search_lineage': {'created_by': 'Sebastijan', 'created_at': '2026-02-28T14:52:20Z'}, '_meta': {'sources': {'main': 'configs/search/adr/city_hotel_online_ta/v1.yaml', 'extends': ['../../../../configs/defaults/global.yaml', '../../../../configs/defaults/catboost.yaml', '../../../../configs/model_specs/adr/city_hotel_online_ta/v1.yaml']}, 'env': 'test', 'validation_status': 'missing'}}
2026-03-28 13:16:32,924 - __main__ - INFO - Starting hyperparameter search for experiment 2026-03-28T13-16-32_45adb6fb.
2026-03-28 13:16:32,924 - ml.search.searchers.catboost.pipeline.steps.preparation - INFO - Starting preparation step.
2026-03-28 13:16:33,239 - ml.features.loading.schemas - WARNING - Derived schema file not found at feature_store\customer_history_features\v2\derived_schema.csv. Proceeding with empty derived schema.
2026-03-28 13:16:33,299 - ml.features.loading.schemas - WARNING - Derived schema file not found at feature_store\pricing_party_features\v3\derived_schema.csv. Proceeding with empty derived schema.
2026-03-28 13:16:33,357 - ml.features.loading.schemas - WARNING - Derived schema file not found at feature_store\channel_and_agent_features\v1\derived_schema.csv. Proceeding with empty derived schema.
2026-03-28 13:16:33,419 - ml.features.loading.schemas - WARNING - Derived schema file not found at feature_store\room_allocation_features\v2\derived_schema.csv. Proceeding with empty derived schema.
2026-03-28 13:16:33,946 - ml.features.segmentation.segment - INFO - Applied the segmentation step. Resulting shape: (38747, 18)
2026-03-28 13:16:34,022 - ml.features.validation.validate_target - WARNING - Max value constraint is not set for regression problem.
2026-03-28 13:16:34,024 - ml.features.loading.features_and_target - INFO - Successfully loaded features and target. Final shapes - X: (38747, 17), y: (38747,)
2026-03-28 13:16:34,042 - ml.features.splitting.splitting - INFO - Data split into train/val/test. Splits info:
AllSplitsInfo(train=SplitInfo(n_rows=26347, class_distribution=None, positive_rate=None), val=SplitInfo(n_rows=4650, class_distribution=None, positive_rate=None), test=SplitInfo(n_rows=7750, class_distribution=None, positive_rate=None))
2026-03-28 13:16:34,044 - ml.features.loading.schemas - WARNING - Derived schema file not found at feature_store\customer_history_features\v2\derived_schema.csv. Proceeding with empty derived schema.
2026-03-28 13:16:34,045 - ml.features.loading.schemas - WARNING - Derived schema file not found at feature_store\pricing_party_features\v3\derived_schema.csv. Proceeding with empty derived schema.
2026-03-28 13:16:34,046 - ml.features.loading.schemas - WARNING - Derived schema file not found at feature_store\channel_and_agent_features\v1\derived_schema.csv. Proceeding with empty derived schema.
2026-03-28 13:16:34,047 - ml.features.loading.schemas - WARNING - Derived schema file not found at feature_store\room_allocation_features\v2\derived_schema.csv. Proceeding with empty derived schema.
2026-03-28 13:16:34,050 - ml.modeling.class_weighting.resolve_metric - INFO - Using default regression metric: neg_root_mean_squared_error
2026-03-28 13:16:34,050 - ml.features.transforms.transform_target - INFO - Completed target transformation log1p for the train split. y_min: 0.0, y_max: 5.930918
2026-03-28 13:16:34,051 - ml.search.searchers.catboost.pipeline.steps.preparation - INFO - Completed preparation step.
2026-03-28 13:16:34,051 - ml.search.searchers.catboost.pipeline.steps.broad_search - INFO - Starting broad search step.
2026-03-28 13:16:34,051 - ml.search.searchers.catboost.model - INFO - Model set to use task_type: GPU, devices: [0]
2026-03-28 13:16:34,051 - ml.search.searchers.catboost.pipeline.steps.broad_search - INFO - Broad search param combinations: 197568
2026-03-28 13:16:34,052 - ml.search.utils.randomized_search - INFO - Randomized search using param_distributions: {'Model__depth': [2, 4, 6, 8], 'Model__learning_rate': [0.005, 0.01, 0.03, 0.05, 0.1, 0.2, 0.3], 'Model__l2_leaf_reg': [1.0, 3.0, 5.0, 7.0, 10.0, 15.0], 'Model__random_strength': [1.0, 2.0, 5.0, 8.0, 10.0, 12.0], 'Model__min_data_in_leaf': [3, 5, 8, 10, 15, 20, 30], 'Model__border_count': [32, 64, 128, 254], 'Model__bagging_temperature': [0.0, 0.25, 0.5, 0.75, 1.0, 2.0, 5.0]}, n_iter: 2, cv_type: KFold, n_splits: 2, scoring: neg_root_mean_squared_error, verbose: 100, n_jobs: 1, random_state: 42, error_score: raise
2026-03-28 13:16:34,052 - ml.search.utils.randomized_search - INFO - Performing broad hyperparameter search...
2026-03-28 13:16:36,440 - ml.search.utils.failure_management.save_broad - INFO - Best params successfully saved to failure_management\2026-03-28T13-16-32_45adb6fb\broad_info.json.
2026-03-28 13:16:36,440 - ml.search.searchers.catboost.pipeline.steps.broad_search - INFO - Completed broad search step.
2026-03-28 13:16:36,440 - ml.search.searchers.catboost.pipeline.steps.narrow_search - INFO - Starting narrow search step.
2026-03-28 13:16:36,440 - ml.search.searchers.catboost.model - INFO - Model set to use task_type: GPU, devices: [0]
2026-03-28 13:16:36,441 - ml.search.searchers.catboost.pipeline.steps.narrow_search - INFO - Narrow search param combinations: 39375
2026-03-28 13:16:36,441 - ml.search.utils.randomized_search - INFO - Randomized search using param_distributions: {'Model__depth': [2, 3, 4, 5, 6], 'Model__learning_rate': [0.14, 0.17, 0.2, 0.23, 0.26], 'Model__l2_leaf_reg': [1.0, 1.15, 1.3], 'Model__bagging_temperature': [0.6, 0.8, 1.0, 1.2, 1.5], 'Model__min_data_in_leaf': [10, 15, 18, 20, 22, 25, 30], 'Model__random_strength': [3.5, 4.25, 5.0, 5.75, 6.5], 'Model__border_count': [32, 64, 128]}, n_iter: 2, cv_type: KFold, n_splits: 2, scoring: neg_root_mean_squared_error, verbose: 100, n_jobs: 1, random_state: 42, error_score: raise
2026-03-28 13:16:36,441 - ml.search.utils.randomized_search - INFO - Performing narrow hyperparameter search...
2026-03-28 13:16:39,036 - ml.search.utils.failure_management.save_narrow - INFO - Narrow search done marker written to failure_management\2026-03-28T13-16-32_45adb6fb\narrow_info.json.
2026-03-28 13:16:39,036 - ml.search.searchers.catboost.pipeline.steps.narrow_search - INFO - Completed narrow search step.
2026-03-28 13:16:39,038 - __main__ - INFO - Search completed. Persisting search run...
2026-03-28 13:16:39,130 - ml.io.persistence.save_metadata - INFO - Metadata successfully saved to experiments/adr/city_hotel_online_ta/v1/2026-03-28T13-16-32_45adb6fb/search/metadata.json.
2026-03-28 13:16:41,849 - ml.utils.runtime.save_runtime - INFO - Runtime snapshot successfully saved to experiments\adr\city_hotel_online_ta\v1\2026-03-28T13-16-32_45adb6fb\search\runtime.json
2026-03-28 13:16:41,849 - __main__ - INFO - Search run successfully persisted.
2026-03-28 13:16:41,850 - ml.search.utils.failure_management.delete_failure_management_folder - INFO - Successfully deleted failure management folder for experiment 2026-03-28T13-16-32_45adb6fb at failure_management\2026-03-28T13-16-32_45adb6fb.
2026-03-28 13:16:41,850 - ml.search.utils.failure_management.delete_failure_management_folder - INFO - Deleted the main failure management directory, as it is now empty: failure_management.
