2026-03-28 13:24:36,232 - __main__ - INFO - Script started at 2026-03-28T13-24-36 with run ID 2026-03-28T13-24-36_d5328681, logging level INFO and owner Sebastijan
2026-03-28 13:24:36,273 - __main__ - INFO - Freezing feature set 'booking_context_features' version 'v1'...
2026-03-28 13:24:38,253 - __main__ - INFO - Feature set 'booking_context_features' succeeded.
2026-03-28 13:24:38,254 - __main__ - INFO - Freezing feature set 'booking_context_features' version 'v2'...
2026-03-28 13:24:40,201 - __main__ - INFO - Feature set 'booking_context_features' succeeded.
2026-03-28 13:24:40,202 - __main__ - INFO - Freezing feature set 'booking_context_features' version 'v3'...
2026-03-28 13:24:42,091 - __main__ - INFO - Feature set 'booking_context_features' succeeded.
2026-03-28 13:24:42,092 - __main__ - INFO - Freezing feature set 'booking_context_features' version 'v4'...
2026-03-28 13:24:44,002 - __main__ - INFO - Feature set 'booking_context_features' succeeded.
2026-03-28 13:24:44,003 - __main__ - INFO - Freezing feature set 'booking_context_features' version 'v5'...
2026-03-28 13:24:45,891 - __main__ - INFO - Feature set 'booking_context_features' succeeded.
2026-03-28 13:24:45,892 - __main__ - INFO - Freezing feature set 'booking_context_features' version 'v6'...
2026-03-28 13:24:47,765 - __main__ - INFO - Feature set 'booking_context_features' succeeded.
2026-03-28 13:24:47,766 - __main__ - INFO - Freezing feature set 'booking_context_features' version 'v7'...
2026-03-28 13:24:49,718 - __main__ - INFO - Feature set 'booking_context_features' succeeded.
2026-03-28 13:24:49,718 - __main__ - INFO - Freezing feature set 'customer_history_features' version 'v1'...
2026-03-28 13:24:51,612 - __main__ - INFO - Feature set 'customer_history_features' succeeded.
2026-03-28 13:24:51,612 - __main__ - INFO - Freezing feature set 'customer_history_features' version 'v2'...
2026-03-28 13:24:53,503 - __main__ - INFO - Feature set 'customer_history_features' succeeded.
2026-03-28 13:24:53,504 - __main__ - INFO - Freezing feature set 'customer_history_features' version 'v3'...
2026-03-28 13:24:55,430 - __main__ - INFO - Feature set 'customer_history_features' succeeded.
2026-03-28 13:24:55,430 - __main__ - INFO - Freezing feature set 'customer_history_features' version 'v4'...
2026-03-28 13:24:57,377 - __main__ - INFO - Feature set 'customer_history_features' succeeded.
2026-03-28 13:24:57,377 - __main__ - INFO - Freezing feature set 'pricing_party_features' version 'v1'...
2026-03-28 13:24:59,357 - __main__ - INFO - Feature set 'pricing_party_features' succeeded.
2026-03-28 13:24:59,357 - __main__ - INFO - Freezing feature set 'pricing_party_features' version 'v2'...
2026-03-28 13:25:01,251 - __main__ - INFO - Feature set 'pricing_party_features' succeeded.
2026-03-28 13:25:01,251 - __main__ - INFO - Freezing feature set 'pricing_party_features' version 'v3'...
2026-03-28 13:25:03,170 - __main__ - INFO - Feature set 'pricing_party_features' succeeded.
2026-03-28 13:25:03,170 - __main__ - INFO - Freezing feature set 'pricing_party_features' version 'v4'...
2026-03-28 13:25:05,081 - __main__ - INFO - Feature set 'pricing_party_features' succeeded.
2026-03-28 13:25:05,081 - __main__ - INFO - Freezing feature set 'pricing_party_features' version 'v5'...
2026-03-28 13:25:06,987 - __main__ - INFO - Feature set 'pricing_party_features' succeeded.
2026-03-28 13:25:06,987 - __main__ - INFO - Freezing feature set 'channel_and_agent_features' version 'v1'...
2026-03-28 13:25:08,932 - __main__ - INFO - Feature set 'channel_and_agent_features' succeeded.
2026-03-28 13:25:08,932 - __main__ - INFO - Freezing feature set 'channel_and_agent_features' version 'v2'...
2026-03-28 13:25:10,884 - __main__ - INFO - Feature set 'channel_and_agent_features' succeeded.
2026-03-28 13:25:10,885 - __main__ - INFO - Freezing feature set 'channel_and_agent_features' version 'v3'...
2026-03-28 13:25:12,840 - __main__ - INFO - Feature set 'channel_and_agent_features' succeeded.
2026-03-28 13:25:12,840 - __main__ - INFO - Freezing feature set 'room_allocation_features' version 'v1'...
2026-03-28 13:25:14,815 - __main__ - INFO - Feature set 'room_allocation_features' succeeded.
2026-03-28 13:25:14,816 - __main__ - INFO - Freezing feature set 'room_allocation_features' version 'v2'...
2026-03-28 13:25:16,743 - __main__ - INFO - Feature set 'room_allocation_features' succeeded.
2026-03-28 13:25:16,744 - __main__ - INFO - Script completed successfully after freezing 21 feature sets at 2026-03-28T13-25-16 after 40.51 seconds
