2026-03-28 13:16:43,464 - ml.config.loader - INFO - Final merged config: {'cv': 2, 'seed': 42, 'verbose': 100, 'training': {'early_stopping_rounds': 100, 'model': {'learning_rate': 0.26, 'depth': 3, 'l2_leaf_reg': 1.15, 'random_strength': 3.5, 'border_count': 32, 'min_data_in_leaf': 22}, 'ensemble': {'bagging_temperature': 0.6}, 'iterations': 10, 'hardware': {'task_type': 'cpu'}, 'snapshot_interval_seconds': 300}, 'search': {'hardware': {'task_type': 'gpu', 'devices': [0]}, 'broad': {'iterations': 10, 'n_iter': 2}, 'narrow': {'iterations': 10, 'n_iter': 2}, 'error_score': 'raise'}, 'problem': 'adr', 'segment': {'name': 'city_hotel_online_ta', 'description': 'All bookings for City Hotel with market segment Online TA.'}, 'version': 'v1', 'task': {'type': 'regression', 'subtype': 'single_target'}, 'target': {'name': 'adr', 'allowed_dtypes': ['float64'], 'version': 'v1', 'constraints': {'min_value': 0.0}, 'transform': {'enabled': True, 'type': 'log1p'}}, 'segmentation': {'enabled': True, 'include_in_model': False, 'filters': [{'column': 'hotel', 'op': 'eq', 'value': 'City Hotel'}, {'column': 'market_segment', 'op': 'eq', 'value': 'Online TA'}]}, 'split': {'strategy': 'random', 'test_size': 0.2, 'val_size': 0.12, 'random_state': 42}, 'algorithm': 'catboost', 'model_class': 'CatBoostRegressor', 'pipeline': {'version': 'v1', 'path': 'configs/pipelines/tabular/catboost/v1.yaml'}, 'feature_store': {'path': 'feature_store/', 'feature_sets': [{'name': 'booking_context_features', 'version': 'v2', 'data_format': 'parquet', 'file_name': 'features.parquet'}, {'name': 'customer_history_features', 'version': 'v2', 'data_format': 'parquet', 'file_name': 'features.parquet'}, {'name': 'pricing_party_features', 'version': 'v3', 'data_format': 'parquet', 'file_name': 'features.parquet'}, {'name': 'channel_and_agent_features', 'version': 'v1', 'data_format': 'parquet', 'file_name': 'features.parquet'}, {'name': 'room_allocation_features', 'version': 'v2', 'data_format': 'parquet', 'file_name': 'features.parquet'}]}, 'scoring': {'policy': 'regression_default'}, 'class_weighting': {'policy': 'off'}, 'explainability': {'enabled': True, 'top_k': 20, 'methods': {'feature_importances': {'enabled': True, 'type': 'PredictionValuesChange'}, 'shap': {'enabled': True, 'approximate': 'tree'}}}, 'data_type': 'tabular', 'model_specs_lineage': {'created_by': 'Sebastijan', 'created_at': '2026-02-28T14:52:10Z'}, 'training_lineage': {'created_by': 'Sebastijan', 'created_at': '2026-02-28T14:52:20Z'}, '_meta': {'sources': {'main': 'configs/train/adr/city_hotel_online_ta/v1.yaml', 'extends': ['../../../../configs/defaults/global.yaml', '../../../../configs/defaults/catboost.yaml', '../../../../configs/model_specs/adr/city_hotel_online_ta/v1.yaml']}, 'env': 'test', 'best_params_path': 'experiments\\adr\\city_hotel_online_ta\\v1\\2026-03-28T13-16-32_45adb6fb\\search\\metadata.json', 'validation_status': 'missing'}}
2026-03-28 13:16:46,168 - __main__ - INFO - Starting training using experiment_id = 2026-03-28T13-16-32_45adb6fb.
2026-03-28 13:16:46,457 - ml.features.loading.schemas - WARNING - Derived schema file not found at feature_store\customer_history_features\v2\derived_schema.csv. Proceeding with empty derived schema.
2026-03-28 13:16:46,538 - ml.features.loading.schemas - WARNING - Derived schema file not found at feature_store\pricing_party_features\v3\derived_schema.csv. Proceeding with empty derived schema.
2026-03-28 13:16:46,643 - ml.features.loading.schemas - WARNING - Derived schema file not found at feature_store\channel_and_agent_features\v1\derived_schema.csv. Proceeding with empty derived schema.
2026-03-28 13:16:46,733 - ml.features.loading.schemas - WARNING - Derived schema file not found at feature_store\room_allocation_features\v2\derived_schema.csv. Proceeding with empty derived schema.
2026-03-28 13:16:47,598 - ml.features.segmentation.segment - INFO - Applied the segmentation step. Resulting shape: (38747, 18)
2026-03-28 13:16:47,781 - ml.features.validation.validate_target - WARNING - Max value constraint is not set for regression problem.
2026-03-28 13:16:47,782 - ml.features.loading.features_and_target - INFO - Successfully loaded features and target. Final shapes - X: (38747, 17), y: (38747,)
2026-03-28 13:16:47,815 - ml.features.splitting.splitting - INFO - Data split into train/val/test. Splits info:
AllSplitsInfo(train=SplitInfo(n_rows=26347, class_distribution=None, positive_rate=None), val=SplitInfo(n_rows=4650, class_distribution=None, positive_rate=None), test=SplitInfo(n_rows=7750, class_distribution=None, positive_rate=None))
2026-03-28 13:16:47,816 - ml.features.transforms.transform_target - INFO - Completed target transformation log1p for the train split. y_min: 0.0, y_max: 5.930918
2026-03-28 13:16:47,817 - ml.features.transforms.transform_target - INFO - Completed target transformation log1p for the val split. y_min: 0.0, y_max: 5.8597317
2026-03-28 13:16:47,820 - ml.features.loading.schemas - WARNING - Derived schema file not found at feature_store\customer_history_features\v2\derived_schema.csv. Proceeding with empty derived schema.
2026-03-28 13:16:47,821 - ml.features.loading.schemas - WARNING - Derived schema file not found at feature_store\pricing_party_features\v3\derived_schema.csv. Proceeding with empty derived schema.
2026-03-28 13:16:47,823 - ml.features.loading.schemas - WARNING - Derived schema file not found at feature_store\channel_and_agent_features\v1\derived_schema.csv. Proceeding with empty derived schema.
2026-03-28 13:16:47,824 - ml.features.loading.schemas - WARNING - Derived schema file not found at feature_store\room_allocation_features\v2\derived_schema.csv. Proceeding with empty derived schema.
2026-03-28 13:16:47,830 - ml.runners.training.utils.model_specific.catboost - INFO - Model set to use task_type: CPU, devices: N/A
2026-03-28 13:16:47,878 - ml.runners.training.trainers.catboost.train_catboost_model - INFO - Training the model...
2026-03-28 13:16:48,379 - ml.runners.training.trainers.catboost.train_catboost_model - INFO - Model trained successfully.
2026-03-28 13:16:48,523 - ml.features.transforms.transform_target - INFO - Completed inverse target transformation 'log1p' for the 'train' split. y_min: -0.12586027173622097, y_max: 191.2680211030603
2026-03-28 13:16:48,523 - ml.features.transforms.transform_target - INFO - Completed inverse target transformation 'log1p' for the 'val' split. y_min: 0.16546057190525074, y_max: 191.2680211030603
2026-03-28 13:16:48,523 - ml.runners.training.utils.metrics.compute_metrics - INFO - Computing regression metrics...
2026-03-28 13:16:48,528 - __main__ - INFO - Training completed. Persisting training run...
2026-03-28 13:16:48,536 - ml.runners.training.persistence.artifacts.save_model - INFO - Model successfully saved to experiments\adr\city_hotel_online_ta\v1\2026-03-28T13-16-32_45adb6fb\training\2026-03-28T13-16-43_6f8d3a3f\model.joblib.
2026-03-28 13:16:48,557 - ml.runners.training.persistence.artifacts.save_pipeline - INFO - Pipeline successfully saved to experiments\adr\city_hotel_online_ta\v1\2026-03-28T13-16-32_45adb6fb\training\2026-03-28T13-16-43_6f8d3a3f\pipeline.joblib.
2026-03-28 13:16:48,564 - ml.io.persistence.save_metadata - INFO - Metadata successfully saved to experiments/adr/city_hotel_online_ta/v1/2026-03-28T13-16-32_45adb6fb/training/2026-03-28T13-16-43_6f8d3a3f/metadata.json.
2026-03-28 13:16:48,566 - ml.runners.shared.persistence.save_metrics - INFO - Metrics successfully saved to experiments\adr\city_hotel_online_ta\v1\2026-03-28T13-16-32_45adb6fb\training\2026-03-28T13-16-43_6f8d3a3f\metrics.json.
2026-03-28 13:16:51,307 - ml.utils.runtime.save_runtime - INFO - Runtime snapshot successfully saved to experiments\adr\city_hotel_online_ta\v1\2026-03-28T13-16-32_45adb6fb\training\2026-03-28T13-16-43_6f8d3a3f\runtime.json
2026-03-28 13:16:51,308 - __main__ - INFO - Training run successfully persisted.
2026-03-28 13:16:51,308 - ml.search.utils.failure_management.delete_failure_management_folder - WARNING - Failure management folder failure_management\2026-03-28T13-16-32_45adb6fb\training\2026-03-28T13-16-43_6f8d3a3f contains subdirectories marked ok to delete (['learn', 'test', 'tmp']). These will be deleted along with their contents.
2026-03-28 13:16:51,309 - ml.search.utils.failure_management.delete_failure_management_folder - INFO - Successfully deleted failure management folder for training 2026-03-28T13-16-43_6f8d3a3f at failure_management\2026-03-28T13-16-32_45adb6fb\training\2026-03-28T13-16-43_6f8d3a3f.
2026-03-28 13:16:51,310 - ml.search.utils.failure_management.delete_failure_management_folder - INFO - Deleted the training failure management directory, as it is now empty: training.
2026-03-28 13:16:51,311 - ml.search.utils.failure_management.delete_failure_management_folder - INFO - Deleted the experiment failure management directory, as it is now empty: 2026-03-28T13-16-32_45adb6fb.
2026-03-28 13:16:51,312 - ml.search.utils.failure_management.delete_failure_management_folder - INFO - Deleted the main failure management directory, as it is now empty: failure_management.
