2026-03-28 13:13:52,506 - __main__ - INFO - Starting experiment execution with run id: 2026-03-28T13-13-52_9929e620. Arguments: Namespace(problem='cancellation', segment='global', version='v1', env='test', strict=True, logging_level='INFO', owner='Sebastijan', clean_up_failure_management=True, experiment_id=None, overwrite_existing=False, top_k=None)
2026-03-28 13:13:52,507 - __main__ - INFO - Running hyperparameter search with command: C:\Users\Sebastijan\anaconda3\envs\hotel_management\python.exe -m pipelines.search.search --problem cancellation --segment global --version v1 --env test --strict True --logging-level INFO --owner Sebastijan --clean-up-failure-management True --overwrite-existing False
2026-03-28 13:14:13,144 - __main__ - INFO - Running training with command: C:\Users\Sebastijan\anaconda3\envs\hotel_management\python.exe -m pipelines.runners.train --problem cancellation --segment global --version v1 --env test --strict True --logging-level INFO
2026-03-28 13:14:22,790 - __main__ - INFO - Training output:
Using experiment directory: experiments\cancellation\global\v1\2026-03-28T13-13-53_ac577d85

0:	learn: 0.5397133	test: 0.5372757	best: 0.5372757 (0)	total: 186ms	remaining: 1.67s
9:	learn: 0.3414811	test: 0.3373524	best: 0.3373524 (9)	total: 438ms	remaining: 0us

bestTest = 0.3373523865
bestIteration = 9

Model successfully saved to experiments\cancellation\global\v1\2026-03-28T13-13-53_ac577d85\training\2026-03-28T13-14-14_f2ddbee1\model.joblib.
Pipeline successfully saved to experiments\cancellation\global\v1\2026-03-28T13-13-53_ac577d85\training\2026-03-28T13-14-14_f2ddbee1\pipeline.joblib.
Metadata successfully saved to experiments/cancellation/global/v1/2026-03-28T13-13-53_ac577d85/training/2026-03-28T13-14-14_f2ddbee1/metadata.json.
Metrics successfully saved to experiments\cancellation\global\v1\2026-03-28T13-13-53_ac577d85\training\2026-03-28T13-14-14_f2ddbee1\metrics.json.
Runtime snapshot successfully saved to experiments\cancellation\global\v1\2026-03-28T13-13-53_ac577d85\training\2026-03-28T13-14-14_f2ddbee1\runtime.json

2026-03-28 13:14:22,791 - __main__ - INFO - Running evaluation with command: C:\Users\Sebastijan\anaconda3\envs\hotel_management\python.exe -m pipelines.runners.evaluate --problem cancellation --segment global --version v1 --env test --strict True --logging-level INFO
2026-03-28 13:14:31,590 - __main__ - INFO - Evaluation output:
Using experiment directory: experiments\cancellation\global\v1\2026-03-28T13-13-53_ac577d85
Using training directory: experiments\cancellation\global\v1\2026-03-28T13-13-53_ac577d85\training\2026-03-28T13-14-14_f2ddbee1
Metrics successfully saved to experiments\cancellation\global\v1\2026-03-28T13-13-53_ac577d85\evaluation\2026-03-28T13-14-24_184914c0\metrics.json.
Saved predictions for the train split to experiments\cancellation\global\v1\2026-03-28T13-13-53_ac577d85\evaluation\2026-03-28T13-14-24_184914c0\predictions_train.parquet
Saved predictions for the validation split to experiments\cancellation\global\v1\2026-03-28T13-13-53_ac577d85\evaluation\2026-03-28T13-14-24_184914c0\predictions_val.parquet
Saved predictions for the test split to experiments\cancellation\global\v1\2026-03-28T13-13-53_ac577d85\evaluation\2026-03-28T13-14-24_184914c0\predictions_test.parquet
Metadata successfully saved to experiments/cancellation/global/v1/2026-03-28T13-13-53_ac577d85/evaluation/2026-03-28T13-14-24_184914c0/metadata.json.
Runtime snapshot successfully saved to experiments\cancellation\global\v1\2026-03-28T13-13-53_ac577d85\evaluation\2026-03-28T13-14-24_184914c0\runtime.json

2026-03-28 13:14:31,590 - __main__ - INFO - Running explainability with command: C:\Users\Sebastijan\anaconda3\envs\hotel_management\python.exe -m pipelines.runners.explain --problem cancellation --segment global --version v1 --env test --strict True --logging-level INFO
2026-03-28 13:14:40,222 - __main__ - INFO - Explainability output:
Using experiment directory: experiments\cancellation\global\v1\2026-03-28T13-13-53_ac577d85
Using training directory: experiments\cancellation\global\v1\2026-03-28T13-13-53_ac577d85\training\2026-03-28T13-14-14_f2ddbee1
Feature importances successfully saved to experiments\cancellation\global\v1\2026-03-28T13-13-53_ac577d85\explainability\2026-03-28T13-14-33_55d5e2fc\top_k_feature_importances.csv.
SHAP importances successfully saved to experiments\cancellation\global\v1\2026-03-28T13-13-53_ac577d85\explainability\2026-03-28T13-14-33_55d5e2fc\top_k_shap_importances.csv.
Metadata successfully saved to experiments/cancellation/global/v1/2026-03-28T13-13-53_ac577d85/explainability/2026-03-28T13-14-33_55d5e2fc/metadata.json.
Runtime snapshot successfully saved to experiments\cancellation\global\v1\2026-03-28T13-13-53_ac577d85\explainability\2026-03-28T13-14-33_55d5e2fc\runtime.json

2026-03-28 13:14:40,222 - pipelines.orchestration.common.orchestration_logging - INFO - Experiment execution completed successfully for problem=cancellation, segment=global, version=v1 at 2026-03-28T13-14-40 after 47.72 seconds.
