2026-03-28 13:14:14,503 - ml.config.loader - INFO - Final merged config: {'cv': 2, 'seed': 42, 'verbose': 100, 'training': {'early_stopping_rounds': 100, 'model': {'learning_rate': 0.26, 'depth': 5, 'l2_leaf_reg': 1.15, 'random_strength': 3.5, 'border_count': 32, 'min_data_in_leaf': 17}, 'ensemble': {'bagging_temperature': 0.6}, 'iterations': 10, 'hardware': {'task_type': 'cpu'}, 'snapshot_interval_seconds': 300}, 'search': {'hardware': {'task_type': 'gpu', 'devices': [0]}, 'broad': {'iterations': 10, 'n_iter': 2}, 'narrow': {'iterations': 10, 'n_iter': 2}, 'error_score': 'raise'}, 'problem': 'cancellation', 'segment': {'name': 'global', 'description': 'All bookings'}, 'version': 'v1', 'task': {'type': 'classification', 'subtype': 'binary'}, 'target': {'name': 'is_canceled', 'allowed_dtypes': ['int64'], 'classes': {'count': 2, 'positive_class': 1, 'min_class_count': 200}, 'version': 'v1'}, 'segmentation': {'enabled': False}, 'split': {'strategy': 'random', 'stratify_by': 'is_canceled', 'test_size': 0.2, 'val_size': 0.12, 'random_state': 42}, 'algorithm': 'catboost', 'model_class': 'CatBoostClassifier', 'pipeline': {'version': 'v1', 'path': 'configs/pipelines/tabular/catboost/v1.yaml'}, 'feature_store': {'path': 'feature_store/', 'feature_sets': [{'name': 'booking_context_features', 'version': 'v1', 'data_format': 'parquet', 'file_name': 'features.parquet'}, {'name': 'customer_history_features', 'version': 'v1', 'data_format': 'parquet', 'file_name': 'features.parquet'}, {'name': 'pricing_party_features', 'version': 'v1', 'data_format': 'parquet', 'file_name': 'features.parquet'}, {'name': 'channel_and_agent_features', 'version': 'v1', 'data_format': 'parquet', 'file_name': 'features.parquet'}]}, 'scoring': {'policy': 'adaptive_binary', 'pr_auc_threshold': 0.1}, 'class_weighting': {'policy': 'if_imbalanced', 'imbalance_threshold': 0.1, 'strategy': 'balanced'}, 'explainability': {'enabled': True, 'top_k': 20, 'methods': {'feature_importances': {'enabled': True, 'type': 'PredictionValuesChange'}, 'shap': {'enabled': True, 'approximate': 'tree'}}}, 'data_type': 'tabular', 'model_specs_lineage': {'created_by': 'Sebastijan', 'created_at': '2026-02-27T23:53:30Z'}, 'training_lineage': {'created_by': 'Sebastijan', 'created_at': '2026-02-27T23:53:30Z'}, '_meta': {'sources': {'main': 'configs/train/cancellation/global/v1.yaml', 'extends': ['../../../../configs/defaults/global.yaml', '../../../../configs/defaults/catboost.yaml', '../../../../configs/model_specs/cancellation/global/v1.yaml']}, 'env': 'test', 'best_params_path': 'experiments\\cancellation\\global\\v1\\2026-03-28T13-13-53_ac577d85\\search\\metadata.json', 'validation_status': 'missing'}}
2026-03-28 13:14:17,224 - __main__ - INFO - Starting training using experiment_id = 2026-03-28T13-13-53_ac577d85.
2026-03-28 13:14:17,500 - ml.features.loading.schemas - WARNING - Derived schema file not found at feature_store\customer_history_features\v1\derived_schema.csv. Proceeding with empty derived schema.
2026-03-28 13:14:17,618 - ml.features.loading.schemas - WARNING - Derived schema file not found at feature_store\channel_and_agent_features\v1\derived_schema.csv. Proceeding with empty derived schema.
2026-03-28 13:14:18,201 - ml.features.loading.features_and_target - INFO - Successfully loaded features and target. Final shapes - X: (119385, 25), y: (119385,)
2026-03-28 13:14:18,256 - ml.features.splitting.splitting - INFO - Data split into train/val/test. Splits info:
AllSplitsInfo(train=SplitInfo(n_rows=81181, class_distribution={0: 0.6296054495510033, 1: 0.37039455044899666}, positive_rate=0.37039455044899666), val=SplitInfo(n_rows=14327, class_distribution={0: 0.6295805123193969, 1: 0.37041948768060307}, positive_rate=0.37041948768060307), test=SplitInfo(n_rows=23877, class_distribution={0: 0.6296017087573815, 1: 0.3703982912426184}, positive_rate=0.3703982912426184))
2026-03-28 13:14:18,259 - ml.features.loading.schemas - WARNING - Derived schema file not found at feature_store\customer_history_features\v1\derived_schema.csv. Proceeding with empty derived schema.
2026-03-28 13:14:18,261 - ml.features.loading.schemas - WARNING - Derived schema file not found at feature_store\channel_and_agent_features\v1\derived_schema.csv. Proceeding with empty derived schema.
2026-03-28 13:14:18,269 - ml.modeling.class_weighting.stats_resolver - INFO - Computed data stats: n_samples=81181 class_counts={1: 30069, 0: 51112} minority_ratio=0.3704
2026-03-28 13:14:18,270 - root - INFO - Minority ratio 0.3704 is above imbalance threshold 0.1000. Class weighting will not be applied.
2026-03-28 13:14:18,270 - ml.runners.training.utils.model_specific.catboost - INFO - Model set to use task_type: CPU, devices: N/A
2026-03-28 13:14:18,471 - ml.runners.training.trainers.catboost.train_catboost_model - INFO - Training the model...
2026-03-28 13:14:19,179 - ml.runners.training.trainers.catboost.train_catboost_model - INFO - Model trained successfully.
2026-03-28 13:14:19,850 - __main__ - INFO - Training completed. Persisting training run...
2026-03-28 13:14:19,862 - ml.runners.training.persistence.artifacts.save_model - INFO - Model successfully saved to experiments\cancellation\global\v1\2026-03-28T13-13-53_ac577d85\training\2026-03-28T13-14-14_f2ddbee1\model.joblib.
2026-03-28 13:14:19,884 - ml.runners.training.persistence.artifacts.save_pipeline - INFO - Pipeline successfully saved to experiments\cancellation\global\v1\2026-03-28T13-13-53_ac577d85\training\2026-03-28T13-14-14_f2ddbee1\pipeline.joblib.
2026-03-28 13:14:19,891 - ml.io.persistence.save_metadata - INFO - Metadata successfully saved to experiments/cancellation/global/v1/2026-03-28T13-13-53_ac577d85/training/2026-03-28T13-14-14_f2ddbee1/metadata.json.
2026-03-28 13:14:19,892 - ml.runners.shared.persistence.save_metrics - INFO - Metrics successfully saved to experiments\cancellation\global\v1\2026-03-28T13-13-53_ac577d85\training\2026-03-28T13-14-14_f2ddbee1\metrics.json.
2026-03-28 13:14:22,611 - ml.utils.runtime.save_runtime - INFO - Runtime snapshot successfully saved to experiments\cancellation\global\v1\2026-03-28T13-13-53_ac577d85\training\2026-03-28T13-14-14_f2ddbee1\runtime.json
2026-03-28 13:14:22,612 - __main__ - INFO - Training run successfully persisted.
2026-03-28 13:14:22,612 - ml.search.utils.failure_management.delete_failure_management_folder - WARNING - Failure management folder failure_management\2026-03-28T13-13-53_ac577d85\training\2026-03-28T13-14-14_f2ddbee1 contains subdirectories marked ok to delete (['learn', 'test', 'tmp']). These will be deleted along with their contents.
2026-03-28 13:14:22,614 - ml.search.utils.failure_management.delete_failure_management_folder - INFO - Successfully deleted failure management folder for training 2026-03-28T13-14-14_f2ddbee1 at failure_management\2026-03-28T13-13-53_ac577d85\training\2026-03-28T13-14-14_f2ddbee1.
2026-03-28 13:14:22,614 - ml.search.utils.failure_management.delete_failure_management_folder - INFO - Deleted the training failure management directory, as it is now empty: training.
2026-03-28 13:14:22,614 - ml.search.utils.failure_management.delete_failure_management_folder - INFO - Deleted the experiment failure management directory, as it is now empty: 2026-03-28T13-13-53_ac577d85.
2026-03-28 13:14:22,614 - ml.search.utils.failure_management.delete_failure_management_folder - INFO - Deleted the main failure management directory, as it is now empty: failure_management.
